0 info it worked if it ends with ok
1 verbose cli [ '/usr/bin/nodejs', '/usr/bin/npm', 'install', '-g', 'ungit' ]
2 info using npm@1.3.10
3 info using node@v0.10.25
4 verbose cache add [ 'ungit', null ]
5 verbose cache add name=undefined spec="ungit" args=["ungit",null]
6 verbose parsed url { protocol: null,
6 verbose parsed url   slashes: null,
6 verbose parsed url   auth: null,
6 verbose parsed url   host: null,
6 verbose parsed url   port: null,
6 verbose parsed url   hostname: null,
6 verbose parsed url   hash: null,
6 verbose parsed url   search: null,
6 verbose parsed url   query: null,
6 verbose parsed url   pathname: 'ungit',
6 verbose parsed url   path: 'ungit',
6 verbose parsed url   href: 'ungit' }
7 silly lockFile b5f3d853-ungit ungit
8 verbose lock ungit /home/apprenti/.npm/b5f3d853-ungit.lock
9 silly lockFile b5f3d853-ungit ungit
10 silly lockFile b5f3d853-ungit ungit
11 verbose addNamed [ 'ungit', '' ]
12 verbose addNamed [ null, '*' ]
13 silly lockFile 8d18b492-ungit ungit@
14 verbose lock ungit@ /home/apprenti/.npm/8d18b492-ungit.lock
15 silly addNameRange { name: 'ungit', range: '*', hasData: false }
16 verbose url raw ungit
17 verbose url resolving [ 'https://registry.npmjs.org/', './ungit' ]
18 verbose url resolved https://registry.npmjs.org/ungit
19 info trying registry request attempt 1 at 11:21:48
20 verbose etag "39ALBHF8USFFUBABZM6DSSYRL"
21 http GET https://registry.npmjs.org/ungit
22 http 304 https://registry.npmjs.org/ungit
23 silly registry.get cb [ 304,
23 silly registry.get   { date: 'Mon, 07 Sep 2015 09:21:48 GMT',
23 silly registry.get     via: '1.1 varnish',
23 silly registry.get     'cache-control': 'max-age=60',
23 silly registry.get     etag: '"39ALBHF8USFFUBABZM6DSSYRL"',
23 silly registry.get     age: '0',
23 silly registry.get     connection: 'keep-alive',
23 silly registry.get     'x-served-by': 'cache-ams4128-AMS',
23 silly registry.get     'x-cache': 'HIT',
23 silly registry.get     'x-cache-hits': '1',
23 silly registry.get     'x-timer': 'S1441617708.791819,VS0,VE94',
23 silly registry.get     vary: 'Accept' } ]
24 verbose etag ungit from cache
25 silly addNameRange number 2 { name: 'ungit', range: '*', hasData: true }
26 silly addNameRange versions [ 'ungit',
26 silly addNameRange   [ '0.1.0',
26 silly addNameRange     '0.1.1',
26 silly addNameRange     '0.1.2',
26 silly addNameRange     '0.1.3',
26 silly addNameRange     '0.1.4',
26 silly addNameRange     '0.1.5',
26 silly addNameRange     '0.1.6',
26 silly addNameRange     '0.1.7',
26 silly addNameRange     '0.1.8',
26 silly addNameRange     '0.1.9',
26 silly addNameRange     '0.2.0',
26 silly addNameRange     '0.2.1',
26 silly addNameRange     '0.3.0',
26 silly addNameRange     '0.3.1',
26 silly addNameRange     '0.3.2',
26 silly addNameRange     '0.4.0',
26 silly addNameRange     '0.5.0',
26 silly addNameRange     '0.6.0',
26 silly addNameRange     '0.6.1',
26 silly addNameRange     '0.6.2',
26 silly addNameRange     '0.7.0',
26 silly addNameRange     '0.7.1',
26 silly addNameRange     '0.7.2',
26 silly addNameRange     '0.8.0',
26 silly addNameRange     '0.8.1',
26 silly addNameRange     '0.8.2',
26 silly addNameRange     '0.8.3',
26 silly addNameRange     '0.8.4',
26 silly addNameRange     '0.9.0',
26 silly addNameRange     '0.9.1',
26 silly addNameRange     '0.9.2',
26 silly addNameRange     '0.9.3' ] ]
27 verbose addNamed [ 'ungit', '0.9.3' ]
28 verbose addNamed [ '0.9.3', '0.9.3' ]
29 silly lockFile 3e5bbf96-ungit-0-9-3 ungit@0.9.3
30 verbose lock ungit@0.9.3 /home/apprenti/.npm/3e5bbf96-ungit-0-9-3.lock
31 silly lockFile 3e5bbf96-ungit-0-9-3 ungit@0.9.3
32 silly lockFile 3e5bbf96-ungit-0-9-3 ungit@0.9.3
33 silly lockFile 8d18b492-ungit ungit@
34 silly lockFile 8d18b492-ungit ungit@
35 silly resolved [ { name: 'ungit',
35 silly resolved     author: { name: 'Fredrik Norén', email: 'fredrik.jw.noren@gmail.com' },
35 silly resolved     description: 'Git made easy',
35 silly resolved     version: '0.9.3',
35 silly resolved     ungitPluginApiVersion: '0.2.0',
35 silly resolved     scripts: { start: 'node ./bin/ungit', test: 'grunt test' },
35 silly resolved     repository:
35 silly resolved      { type: 'git',
35 silly resolved        url: 'https://github.com/FredrikNoren/ungit.git' },
35 silly resolved     bin:
35 silly resolved      { ungit: './bin/ungit',
35 silly resolved        '0ungit-credentials-helper': './bin/credentials-helper' },
35 silly resolved     dependencies:
35 silly resolved      { async: '~1.3.0',
35 silly resolved        'blueimp-md5': '~1.1.0',
35 silly resolved        'body-parser': '~1.13.2',
35 silly resolved        color: '~0.10.1',
35 silly resolved        'cookie-parser': '~1.3.5',
35 silly resolved        crossroads: '~0.12.0',
35 silly resolved        diff2html: '~0.2.4',
35 silly resolved        express: '~4.13.1',
35 silly resolved        'express-session': '~1.11.3',
35 silly resolved        'forever-monitor': '~1.1.0',
35 silly resolved        getmac: '~1.0.7',
35 silly resolved        hasher: '~1.2.0',
35 silly resolved        'keen.io': '~0.1.3',
35 silly resolved        knockout: '~3.3.0',
35 silly resolved        lodash: '~3.10.0',
35 silly resolved        mkdirp: '~0.5.1',
35 silly resolved        moment: '~2.10.3',
35 silly resolved        'npm-registry-client': '~6.5.1',
35 silly resolved        npmconf: '~2.1.2',
35 silly resolved        open: '~0.0.5',
35 silly resolved        'os-homedir': '^1.0.0',
35 silly resolved        passport: '~0.2.2',
35 silly resolved        'passport-local': '~1.0.0',
35 silly resolved        raven: '~0.8.1',
35 silly resolved        rc: '~1.0.3',
35 silly resolved        rimraf: '~2.4.1',
35 silly resolved        semver: '~5.0.1',
35 silly resolved        'serve-static': '~1.10.0',
35 silly resolved        signals: '~1.0.0',
35 silly resolved        'socket.io': '~0.9.16',
35 silly resolved        superagent: '^0.21.0',
35 silly resolved        temp: '~0.8.3',
35 silly resolved        uuid: '~2.0.1',
35 silly resolved        winston: '~1.0.1',
35 silly resolved        yargs: '~3.15.0' },
35 silly resolved     devDependencies:
35 silly resolved      { 'ansi-color': '~0.2.1',
35 silly resolved        'expect.js': '~0.3.1',
35 silly resolved        grunt: '~0.4.5',
35 silly resolved        'grunt-contrib-imagemin': '~0.5.0',
35 silly resolved        'grunt-contrib-jshint': '~0.11.2',
35 silly resolved        'grunt-contrib-less': '~1.0.1',
35 silly resolved        'grunt-contrib-watch': '~0.6.1',
35 silly resolved        'grunt-image-embed': '0.3.3',
35 silly resolved        'grunt-lineending': '~0.2.4',
35 silly resolved        'grunt-mocha-test': '~0.12.7',
35 silly resolved        'grunt-plato': '~1.3.0',
35 silly resolved        'grunt-release': '~0.13.0',
35 silly resolved        mocha: '~2.2.5',
35 silly resolved        npm: '~3.1.3',
35 silly resolved        phantomjs: '~1.9.17',
35 silly resolved        supertest: '~0.15.0',
35 silly resolved        browserify: '~11.0.0' },
35 silly resolved     engines: { node: '>=0.10' },
35 silly resolved     license: 'MIT',
35 silly resolved     main: 'public/nwlauncher.html',
35 silly resolved     window:
35 silly resolved      { title: 'Ungit',
35 silly resolved        icon: 'icon.png',
35 silly resolved        toolbar: false,
35 silly resolved        frame: false,
35 silly resolved        show: false,
35 silly resolved        width: 1000,
35 silly resolved        height: 600,
35 silly resolved        position: 'center',
35 silly resolved        min_width: 400,
35 silly resolved        min_height: 200 },
35 silly resolved     readme: 'ungit\n======\n[![NPM version](https://badge.fury.io/js/ungit.svg)](http://badge.fury.io/js/ungit)\n[![Build Status](https://travis-ci.org/FredrikNoren/ungit.svg)](https://travis-ci.org/FredrikNoren/ungit)\n\nThe easiest way to use git. On any platform. Anywhere.\n\n * Clean and intuitive UI that makes it easy to _understand_ git.\n * Runs on any platform that node.js & git supports.\n * Web-based, meaning you can run it on your cloud/pure shell machine and use the ui from your browser (just browse to http://your-cloud-machine.com:8448).\n * Works well with GitHub.\n * [Gerrit](https://code.google.com/p/gerrit/) integration through plugin: https://github.com/FredrikNoren/ungit-gerrit\n\n[Follow @ungitui on twitter](https://twitter.com/ungitui)\n\nQuick intro to ungit: [http://youtu.be/hkBVAi3oKvo](http://youtu.be/hkBVAi3oKvo)\n\n[![Screenshot](screenshot.png)](http://youtu.be/hkBVAi3oKvo)\n\nInstalling\n----------\nRequires [node.js](http://nodejs.org) (≥ 0.10), [npm](https://npmjs.org/) (≥ 1.3.1, comes with node.js) and [git](http://git-scm.com/) (≥ 1.8.x). To install ungit just type:\n\n\tnpm install -g ungit\n\nNOTE: If your system requires root access to install global npm packages, make sure you use the -H flag:\n\n\tsudo -H npm install -g ungit\n\nUsing\n-----\nAnywhere you want to start, just type:\n\n\tungit\n\nThis will launch the server and open up a browser with the ui.\n\nConfiguring\n---------\nPut a configuration file called .ungitrc in your home directory (`/home/USERNAME` on *nix, `C:/Users/USERNAME/` on windows). Can be in either json or ini format. See [source/config.js](source/config.js) for available options.\n\nYou can also override configuration variables at launch by specifying them as command line arguments; `ungit --port=8080`. To disable boolean features use --no: `ungit --no-autoFetch`.\n\nExample of `~/.ungitrc` configuration file to change default port and enable bugtracking:\n\n```json\n{\n\t"port": 8080,\n\t"bugtracking": true\n}\n```\n\nUngit uses [rc](https://github.com/dominictarr/rc) for configuration, which in turn uses [yargs](https://github.com/chevex/yargs) for command line arguments. See corresponding documentations for more details.\n\nPlugins\n-------\nPlugins are installed by simply placing them in the Ungit plugin directory (`~/.ungit/plugins` by default), and then restarting Ungit.\n\n[List of available plugins](https://github.com/FredrikNoren/ungit/wiki/List-of-plugins)\n\nThere\'s a guide in the [PLUGINS.md](PLUGINS.md) file on how to write new plugins.\n\nDeveloping\n----------\n\nSee [CONTRIBUTING.md](CONTRIBUTING.md).\n\nKnown issues\n------------\n\n* If you\'re running MacOSX Mavericks and Ungit crashes after a few seconds; try updating npm and node. See [#259](https://github.com/FredrikNoren/ungit/issues/259) and [#249](https://github.com/FredrikNoren/ungit/issues/249) for details.\n* Ubuntu users may have trouble installing because the node executable is named differently on Ubuntu, see [#401](https://github.com/FredrikNoren/ungit/issues/401) for details.\n* Debian Wheezy\'s supported git and nodejs packages are too old, therefore download newest [git](https://github.com/git/git/releases) and [nodejs](http://nodejs.org/download/) tarballs and [build from source](http://www.control-escape.com/linux/lx-swinstall-tar.html).\n\nLicense (MIT)\n-------------\n\nCopyright (C) 2013-2014 Fredrik Norén\n\nPermission is hereby granted, free of charge, to any person obtaining a copy of this software and associated documentation files (the "Software"), to deal in the Software without restriction, including without limitation the rights to use, copy, modify, merge, publish, distribute, sublicense, and/or sell copies of the Software, and to permit persons to whom the Software is furnished to do so, subject to the following conditions:\n\nThe above copyright notice and this permission notice shall be included in all copies or substantial portions of the Software.\n\nTHE SOFTWARE IS PROVIDED "AS IS", WITHOUT WARRANTY OF ANY KIND, EXPRESS OR IMPLIED, INCLUDING BUT NOT LIMITED TO THE WARRANTIES OF MERCHANTABILITY, FITNESS FOR A PARTICULAR PURPOSE AND NONINFRINGEMENT. IN NO EVENT SHALL THE AUTHORS OR COPYRIGHT HOLDERS BE LIABLE FOR ANY CLAIM, DAMAGES OR OTHER LIABILITY, WHETHER IN AN ACTION OF CONTRACT, TORT OR OTHERWISE, ARISING FROM, OUT OF OR IN CONNECTION WITH THE SOFTWARE OR THE USE OR OTHER DEALINGS IN THE SOFTWARE.\n\n[![Dependency Status](https://david-dm.org/FredrikNoren/ungit.png)](https://david-dm.org/FredrikNoren/ungit)\n[![devDependency Status](https://david-dm.org/FredrikNoren/ungit/dev-status.png)](https://david-dm.org/FredrikNoren/ungit#info=devDependencies)\n',
35 silly resolved     readmeFilename: 'README.md',
35 silly resolved     bugs: { url: 'https://github.com/FredrikNoren/ungit/issues' },
35 silly resolved     _id: 'ungit@0.9.3',
35 silly resolved     _from: 'ungit@' } ]
36 info install ungit@0.9.3 into /usr/local/lib
37 info installOne ungit@0.9.3
38 info /usr/local/lib/node_modules/ungit unbuild
39 info /usr/local/lib/node_modules/ungit unbuild
40 error error rolling back Error: EACCES, unlink '/usr/local/lib/node_modules/ungit'
40 error error rolling back  ungit@0.9.3 { [Error: EACCES, unlink '/usr/local/lib/node_modules/ungit']
40 error error rolling back   errno: 3,
40 error error rolling back   code: 'EACCES',
40 error error rolling back   path: '/usr/local/lib/node_modules/ungit' }
41 error Error: EACCES, unlink '/usr/local/lib/node_modules/ungit'
41 error  { [Error: EACCES, unlink '/usr/local/lib/node_modules/ungit']
41 error   errno: 3,
41 error   code: 'EACCES',
41 error   path: '/usr/local/lib/node_modules/ungit' }
42 error Please try running this command again as root/Administrator.
43 error System Linux 3.19.0-26-generic
44 error command "/usr/bin/nodejs" "/usr/bin/npm" "install" "-g" "ungit"
45 error cwd /home/apprenti/Documents/wcs_odyssey_hello_github
46 error node -v v0.10.25
47 error npm -v 1.3.10
48 error path /usr/local/lib/node_modules/ungit
49 error code EACCES
50 error errno 3
51 error stack Error: EACCES, unlink '/usr/local/lib/node_modules/ungit'
52 verbose exit [ 3, true ]
